[    0.000000] Linux version 4.15.046-generic (buildd@lgw01-amd64-038) (gcc version 7.3.0 (Ubuntu 7.3.0-16ubuntu3)) #49-Ubutu MP Wed Feb 6 09:33:07 UTC 2019 (Ubuntu 4.15.0-46.49-generic 4.15.18)
[    0.000000] Command line: BOOT_IMAGE=/boot/vmlinuz-4.15.0-46-generic root=UUID=20c29e3-d43b43f0be2-bcc290dd67d ro cosole=tty1 console=ttyS0
[    0.0000] KERNEL supported cps:
[    00000]   Intel GenuineInte
[    000000]  MD AuthenticAMD
[    0.000000]   Centaur CentaurHauls
[    0.000000] x86/fpu: Supporting XSAVE feature 0x001: 'x87 floating in registers'
[   .00000] 6/pu: SupporngXSAVE feature0x02 'SSE registers'
[    0.0000 x86/fpu: Supotig XSAVfeture 0x004: 'AVX registers'
[    0.000000] x86/fpu: xstate_offset[2]:  576, xstate_sizes[2]:  256
[    0.000000] x86/fpu: Enabled xstate features 0x7, context size is 832 bytes, using 'stanndard' format
[    .000000] e820: BIOS-provided physical RAM map:
[    0.000000] BIOS-e820: [mem 0x0000000000000000-0x000000000009fbff] usable
[    0.000000] BIOS-e820: [mem 0x000000000009fc00-0x000000000009ffff] reserved
[   0.000000] BIOS-e820: [mem 0x00000000000f0000-0x00000000000fffff] reserved
[    0.000000] BIOS820: [mem 0x00000000100000-0x000000003ffeffff] usable
[   0.000000] BIOS-e820: [mem 0x000000003fff0000-0x000000003fffffff] ACPI data
[    0.000000] BIOS-e820: [mem 0x00000000fec00000-0x0000000fec00fff] reserved
[    0.000000] BIOS-e820: [mem 0x00000000fee00000-0x00000000fee00fff] reserved
[    0.000000] BIOS-e20: [mem 0x00000000fffc000-0x00000000ffffffff] reerve
[    0.00000]NX (Exete Disable) protection: active
[    0.0000] SMBIOS 2.5 present.
[  0.000000] DMI: innotek GmbH VirtualBox/VirtualBox, BIOS VirtualBox 12/01/200
[    0.000000] Hypervisor detected: KVM
[    0.000000] e820: last_pfn = 0x3fff0 max_arch_pfn  0x400000000
[    0.000000]MTRR: Disabled
[    0.00000] 86/PAT: MTRRs disabled,kipping PATnitializatiotoo.
[  0.00000 CPU MTRs all blank  virtualed system.
[    0.000000] x86/PAT: Configuration [0-7]: WB  WT  UC- UC  WB  WT  UC- UC
[    0.000000] foud MP MP-table at [mem 0x0009fff0-0x0009ffff] mapped at [        (ptrval)]
[    0.000000] Scanning 1 areas for low memory corruption
[    0.00000] RAMDISK: [mem 0x359d3000-0x36ce0fff]
[    0.000000] ACPI: Early table checksum verification disabled
[    0.000000] ACPI: RSDP 0x00000000000E0000 000024 (v02 VBOX  )
[    0.000000] ACPI: XSDT 0x000000003FFF0030 00003C (v01 VBOX   VBOXXSDT 00000001 ASL  00000061)
[    0.000000] ACPI: FACP 0x0000003FFF00F0 0000F4 (4 VBOX   VBOXFACP 0000000ASL  000061)
[  0.000000] ACPI: SDT x0000003FFF0470 0021FF (v02 VBOX   VBOXBIOS 00000002 INTL 20100528)
[    0.000000] PI: FS 0x000000003FFF0200 000040
[    0.000000] ACPIFACS 000000003FFF0200 000040
[    0.000000] ACPI: AIC 0x0000003FF02400005Cv02 VOX   VBOXPIC 00000001 ASL  0000001)
[    0.000000] ACPI: SSDT 0x000000003FFF02A0 0001CC (v01 VBOX   VBOXCPUT 00000002 INTL 20100528)
[    0.000000] No NUMA cfigurtion found
[    0.00000] Faking a node at [mem 0x0000000000000000-0x000000003ffeffff]
[    0.000000]NODE_DATA0) allocated [em 0x3ffc5000-0x3ffefff]
[    000000] kvm-clock: cpu 0, msr 0:3ff44001, primary cpu clock
[   0.00000] kvm-clock: Using msrs 4b564d01 an 4b564d00
[   000000] kvm-cloc usingched ofset of 461766492 ccles
[    0.000000] clockouce: kvm-clock: mask: 0xffffffffffffffff max_cycles: 0cd42e4dffb, max_idle_ns: 8815591483 n
[    0.000000] Zone rages:
[   0.00000]  MA      em 0x00000000001000-0x0000000000ffffff]
[    0.000000]   DMA32    [mem 0x0000000001000000-0x000000003ffffff]
[    0.000000]  Normal  empty
[    0.000000]   Device   empty
[    0.000000] Movable zone start for each node
[    0.0000] Early memory node ranges
[    0.000000]   node   0: em 0x0000000001000-0x000000009efff]
   0000000   node  0 [mem 0x0000000000100000-0x000000003ffeffff]
[   0.00000] Reserved butunavailbl: 114 pages
[    0.000000] Initmem setup node 0 [mem 0x0000000000001000-0x000000003feff]
[  0000000ACPI: PM-Timer IO Port: 0x4008
[    0.000000] IOAPIC[0]: apic_id 2, version 3 addre 0xfec00000, GSI 0-23
[    000000]ACI:INT_RC_OVRbus 0 bus_rq0 global_irq 2 dfl dfl)
[    0.000000] ACPI: INT_SRC_OVR (bus 0 bus_irq 9 global_irq 9 low level)
[    0.000000] Using ACPI (MADT) for SMP configuration information
[    0.000000] smpboot: Allowing 2 CPUs, 0 hotplug CPUs
[    0.000000] PM: Registered nosave memory: [mem 0x00000000-0x00000fff]
[    0.000000] PM: Registered nosave memory: [mem 0x0009f000-0x0009ffff]
[    0.000000] PM: Registered nosave memory: [mem 0x000a0000-0x000effff]
[    0.000000] PM: Registered nosave memory: [mem 0x000f0000-0x000fffff]
[    0.000000] e820: [mem 0x40000000-0xfebfffff] available for PCI devices
[    0.000000] Booting paravirtualized kernel on KVM
[    0.000000] clocksource: refined-jiffies: mask: 0xffffffff max_cycles: 0xffffffff, max_idle_ns: 7645519600211568 ns
[    0.000000] random: get_random_bytes called from start_kernel+0x99/0x4fd with crng_init=0
[    0.000000] setup_percpu: NR_CPUS:8192 nr_cpumask_bits:2 nr_cpu_ids:2 nr_node_ids:1
[    0.000000] percpu: Embedded 46 pages/cpu @        (ptrval) s151552 r8192 d28672 u1048576
[    0.000000] PV qspinlock hash table entries: 256 (order: 0, 4096 bytes)
[    0.000000] Built 1 zonelists, mobility grouping on.  Total pages: 257913
[    0.000000] Policy zone: DMA32
[    0.000000] Kernel command line: BOOT_IMAGE=/boot/vmlinuz-4.15.0-46-generic root=UUID=2a0c29e3-d43b-43f0-be62-bcc290d9d67d ro console=tty1 console=ttyS0
[    0.000000] Memory: 983072K/1048120K available (12300K kernel code, 2473K rwdata, 4252K rodata, 2408K init, 2416K bss, 65048K reserved, 0K cma-reserved)
[    0.000000] SLUB: HWalign=64, Order=0-3, MinObjects=0, CPUs=2, Nodes=1
   0.000000] Kernel/User page tables isolation: enabled
[    0.000000] ftrace: allocating 39198 entries in 154 pages
[    .004000] Hierarchical RCU implementation.
[    0.004000] 	RCU restricting CPUs from NR_CPUS=8192 to nr_cpu_ids=2.
[    0.004000] 	Tasks RCU enabled.
[    0.004000] RCU: Adjustng geometry for rcu_fanout_leaf=16, nr_cpu_ids=2
[    0.004000] NR_IRQS: 524544, nr_irqs: 40, preallocated irqs:6
[   .004000] Conole: colour VG 8xx25
[    0.0400] console [tty1] enabled
[    0.004000] conso [tyS0] enaed
[    0.000] ACPI Crerevision 20170831

[    0.004000] ACPI: 2 ACPI AML tables successfully acquired and loaded
[    0.000] APIC: Switch to symmetric I/O mode setup
[    0.004245] x2apic enabled
[    0.005291] Switched APIC routing to physical x2apic.
[    0.008125] ..TIMER: vector=0x30 apic1=0 pin1=2 apic2=-1 pin2=-1
[    0.012002] tsc: Detected 1608.000 MHz processor
[    0.013386] Calibrating delay loop (skipped) preset value.. 3216.00 BogoMIPS (lpj=6432000)
[    0.016006] pid_max: default: 32768 minimum: 301
[    0.020048] Security Framework initialized
[    0.024003] Yama: becoming mindful.
[    0.025109] AppArmor: AppArmor initialized
[    0.029797] Dentry cache hash table entries: 131072 (order: 8, 1048576 bytes)
[    0.032091] Inode-cache hash table entries: 65536 (order: 7, 524288 bytes)
[    0.036026] Mount-cache hash table entries: 2048 (order: 2, 16384 bytes)
[    0.038388] Mountpoint-cache hash table entries: 2048 (order: 2, 16384 bytes)
[    0.040255] mce: CPU supports 0 MCE banks
[    0.044028] Last level iTLB entries: 4KB 64, 2MB 8, 4MB 8
[    0.048007] Last level dTLB entries: 4KB 64, 2MB 0, 4MB 0, 1GB 4
[    0.052008] Spectre V2 : Mitigation: Full generic retpoline
[    0.056006] Spectre V2 : Spectre v2 / SpectreRSB mitigation: Filling RSB on context switch
[    0.060006] Speculative Store Bypass: Vulnerable
[    0.061764] Freeing SMP alternatives memory: 36K
[    0.072000] smpboot: CPU0: Intel(R) Core(TM) i5-8210Y CPU @ 1.60GHz (family: 0x6, model: 0x8e, stepping: 0x9)
[    0.072098] Performance Events: unsupported p6 CPU model 142 no PMU driver, software events only.
[    0.076080] Hierarchical SRCU implementation.
[    0.080812] NMI watchdog: Perf event create on CPU 0 failed with -2
[    0.082659] NMI watchdog: Perf NMI watchdog permanently disabled
[    0.084088] smp: Bringing up secondary CPUs ...
[    0.085833] x86: Booting SMP configuration:
[    0.088004] .... node  #0, CPUs:      #1
[    0.004000] kvm-clock: cpu 1, msr 0:3ff44041, secondary cpu clock
[    0.004000] mce: CPU supports 0 MCE banks
[    0.096029] smp: Brought up 1 node, 2 CPUs
[    0.097220] smpboot: Max logical packages: 1
[    0.098436] smpboot: Total of 2 processors activated (6432.00 BogoMIPS)
[    0.100189] devtmpfs: initialized
[    0.101569] x86/mm: Memory block size: 128MB
[    0.104310] evm: security.selinux
[    0.108010] evm: security.SMACK64
[    0.112037] evm: security.SMACK64EXEC
[    0.116006] evm: security.SMACK64TRANSMUTE
[    0.120006] evm: security.SMACK64MMAP
[    0.124008] evm: security.apparmor
[    0.126016] evm: security.ima
[    0.128004] evm: security.capability
[    0.130112] clocksource: jiffies: mask: 0xffffffff max_cycles: 0xffffffff, max_idle_ns: 7645041785100000 ns
[    0.132026] futex hash table entries: 512 (order: 3, 32768 bytes)
[    0.136109] pinctrl core: initialized pinctrl subsystem
[    0.142680] RTC time:  4:11:02, date: 03/30/19
[    0.144304] NET: Registered protocol family 16
[    0.148133] audit: initializing netlink subsys (disabled)
[    0.152224] audit: type=2000 audit(1553919061.871:1): state=initialized audit_enabled=0 res=1
[    0.156015] cpuidle: using governor ladder
[    0.160022] cpuidle: using governor menu
[    0.162548] ACPI: bus type PCI registered
[    0.164007] acpiphp: ACPI Hot Plug PCI Controller Driver version: 0.5
[    0.168163] PCI: Using configuration type 1 for base access
[    0.169751] HugeTLB registered 2.00 MiB page size, pre-allocated 0 pages
[    0.172341] ACPI: Added _OSI(Module Device)
[    0.176010] ACPI: Added _OSI(Processor Device)
[    0.177538] ACPI: Added _OSI(3.0 _SCP Extensions)
[    0.180007] ACPI: Added _OSI(Processor Aggregator Device)
[    0.182154] ACPI: Added _OSI(Linux-Dell-Video)
[    0.184007] ACPI: Added _OSI(Linux-Lenovo-NV-HDMI-Audio)
[    0.188008] ACPI: Added _OSI(Linux-HPI-Hybrid-Graphics)
[    0.192518] ACPI: Executed 1 blocks of module-level executable AML code
[    0.197999] ACPI: Interpreter enabled
[    0.200082] ACPI: (supports S0 S5)
[    0.204007] ACPI: Using IOAPIC for interrupt routing
[    0.208321] PCI: Using host bridge windows from ACPI; if necessary, use "pci=nocrs" and report a bug
[    0.212332] ACPI: Enabled 2 GPEs in block 00 to 07
[    0.222532] ACPI: PCI Root Bridge [PCI0] (domain 0000 [bus 00-ff])
[    0.224009] acpi PNP0A03:00: _OSC: OS supports [ASPM ClockPM Segments MSI]
[    0.226457] acpi PNP0A03:00: _OSC: not requesting OS control; OS requires [ExtendedConfig ASPM ClockPM MSI]
[    0.228012] acpi PNP0A03:00: fail to add MMCONFIG information, can't access extended PCI configuration space under this bridge.
[    0.236073] PCI host bridge to bus 0000:00
[    0.240009] pci_bus 0000:00: root bus resource [io  0x0000-0x0cf7 window]
[    0.244005] pci_bus 0000:00: root bus resource [io  0x0d00-0xffff window]
[    0.248008] pci_bus 0000:00: root bus resource [mem 0x000a0000-0x000bffff window]
[    0.250686] pci_bus 0000:00: root bus resource [mem 0x40000000-0xfdffffff window]
[    0.252007] pci_bus 0000:00: root bus resource [bus 00-ff]
[    0.261722] pci 0000:00:01.1: legacy IDE quirk: reg 0x10: [io  0x01f0-0x01f7]
[    0.264007] pci 0000:00:01.1: legacy IDE quirk: reg 0x14: [io  0x03f6]
[    0.268006] pci 0000:00:01.1: legacy IDE quirk: reg 0x18: [io  0x0170-0x0177]
[    0.272010] pci 0000:00:01.1: legacy IDE quirk: reg 0x1c: [io  0x0376]
[    0.299061] pci 0000:00:07.0: quirk: [io  0x4000-0x403f] claimed by PIIX4 ACPI
[    0.300028] pci 0000:00:07.0: quirk: [io  0x4100-0x410f] claimed by PIIX4 SMB
[    0.318975] ACPI: PCI Interrupt Link [LNKA] (IRQs 5 9 10 *11)
[    0.320366] ACPI: PCI Interrupt Link [LNKB] (IRQs 5 9 *10 11)
[    0.324162] ACPI: PCI Interrupt Link [LNKC] (IRQs 5 *9 10 11)
[    0.328156] ACPI: PCI Interrupt Link [LNKD] (IRQs 5 9 10 *11)
[    0.330669] SCSI subsystem initialized
[    0.336043] pci 0000:00:02.0: vgaarb: setting as boot VGA device
[    0.340000] pci 0000:00:02.0: vgaarb: VGA device added: decodes=io+mem,owns=io+mem,locks=none
[    0.340010] pci 0000:00:02.0: vgaarb: bridge control possible
[    0.344003] vgaarb: loaded
[    0.344950] ACPI: bus type USB registered
[    0.348032] usbcore: registered new interface driver usbfs
[    0.352031] usbcore: registered new interface driver hub
[    0.356050] usbcore: registered new device driver usb
[    0.360073] EDAC MC: Ver: 3.0.0
[    0.364431] PCI: Using ACPI for IRQ routing
[    0.368504] NetLabel: Initializing
[    0.369775] NetLabel:  domain hash size = 128
[    0.372005] NetLabel:  protocols = UNLABELED CIPSOv4 CALIPSO
[    0.376031] NetLabel:  unlabeled traffic allowed by default
[    0.380091] clocksource: Switched to clocksource kvm-clock
[    0.425569] VFS: Disk quotas dquot_6.6.0
[    0.433988] VFS: Dquot-cache hash table entries: 512 (order 0, 4096 bytes)
[    0.436538] AppArmor: AppArmor Filesystem Enabled
[    0.438269] pnp: PnP ACPI init
[  04196 pp:Pn API: found 3 devices

[   0.8645 cckurce: acpi_pm: mask: 0xffffff max_cycles: 0xffffff, max_idle_ns: 2085701024 ns

[    0.886238] NET: Registered protocol family 2
[    0.891973] TCP established hash table entries: 8192 (order: 4, 65536 bytes)
[    0.895931] TCP bind has table entries: 8192 (order: 5, 131072 bytes)
[    0.935216] TCP: Hash tables configured (established 8192 bind 8192)
[    0.93899] DP hshtale entries: 512 (order: 2, 16384 bytes)
[    1.059842] UDP-Lite hash table entries: 512 (order: 2, 16384 bytes)
[    1.062178] NET: Registered protocol family 1
[    1.064285] pci 0000:00:00.0: Limiting direct PCI/PCI transfers
[    1.066319] pci 0000:00:01.0: Activating ISA DMA hang workarounds
[    1.069403] pi 000:00:02.0: Video device with shadowed ROM at [mem 0x000c0000-0x000dffff]
[    1.15361 Upaki iitams...

[    1.628113] Freeing initrd memory: 19512K
[    1.656715] platform rtc_cmos: registered platform RTC device (no PNP device found)
[    1.691705] Scanning for low memory corruption every 60 seconds
[    1.710150] Initialise system trusted keyrings
[    1.714055] Key type blacklist registered
[    1.715739] workingset: timestamp_bits=36 max_order=18 bucket_order=0
[    1.775591] zbud: loaded
[    1.794411] squashfs: version 4.0 (2009/01/31) Phillip Lougher
[    1.803397] fuse init (API version 7.26)
[    1.817889] Key type asymmetric registered
[    1.819066] Asymmetric key parser 'x509' registered
[    1.820642] Block layer SCSI generic (bsg) driver version 0.4 loaded (major 246)
[    1.822944] io scheduler noop registered
[    1.835864] io scheduler deadline registered
[    1.850958] io scheduler cfq registered (default)
[    1.854474] ACPI: AC Adapter [AC] (off-line)
[    1.867180] input: Power Button as /devices/LNXSYSTM:00/LNXPWRBN:00/input/input0
[    1.879385] ACPI: Power Button [PWRF]
[    1.899474] input: Sleep Button as /devices/LNXSYSTM:00/LNXSLPBN:00/input/input1
[    1.902166] ACPI: Sleep Button [SLPF]
[    1.916349] ACPI: Battery Slot [BAT0] (battery present)
[    1.916354] Serial: 8250/16550 driver, 32 ports, IRQ sharing enabled
[    1.943211] 00:02: ttyS0 at I/O 0x3f8 (irq = 4, base_baud = 115200) is a 16550A
[    1.946859] Linux agpgart interface v0.103
[    1.955558] loop: module loaded
[    1.965035] scsi host0: ata_piix
[    1.966537] scsi host1: ata_piix
[    1.967808] ata1: PATA max UDMA/33 cmd 0x1f0 ctl 0x3f6 bmdma 0xd000 irq 14
[    1.969934] ata2: PATA max UDMA/33 cmd 0x170 ctl 0x376 bmdma 0xd008 irq 15
[    1.973706] libphy: Fixed MDIO Bus: probed
[    1.975412] tun: Universal TUN/TAP device driver, 1.6
[    1.977482] PPP generic driver version 2.4.2
[    1.979106] ehci_hcd: USB 2.0 'Enhanced' Host Controller (EHCI) Driver
[    1.981468] ehci-pci: EHCI PCI platform driver
[    1.983151] ehci-platform: EHCI generic platform driver
[    1.985288] ohci_hcd: USB 1.1 'Open' Host Controller (OHCI) Driver
[    1.987496] ohci-pci: OHCI PCI platform driver
[    1.989366] ohci-platform: OHCI generic platform driver
[    1.991491] uhci_hcd: USB Universal Host Controller Interface driver
[    1.995860] i8042: PNP: PS/2 Controller [PNP0303:PS2K,PNP0f03:PS2M] at 0x60,0x64 irq 1,12
[    2.006937] serio: i8042 KBD port at 0x60,0x64 irq 1
[    2.009762] serio: i8042 AUX port at 0x60,0x64 irq 12
[    2.012939] mousedev: PS/2 mouse device common for all mice
[    2.016400] input: AT Translated Set 2 keyboard as /devices/platform/i8042/serio0/input/input2
[    2.022023] rtc_cmos rtc_cmos: rtc core: registered rtc_cmos as rtc0
[    2.027038] rtc_cmos rtc_cmos: alarms up to one day, 114 bytes nvram
[    2.031776] i2c /dev entries driver
[    2.034305] pcie_mp2_amd: AMD(R) PCI-E MP2 Communication Driver Version: 1.0
[    2.038520] device-mapper: uevent: version 1.0.3
[    2.045474] device-mapper: ioctl: 4.37.0-ioctl (2017-09-20) initialised: dm-devel@redhat.com
[    2.062802] ledtrig-cpu: registered to indicate activity on CPUs
[    2.067460] NET: Registered protocol family 10
[    2.082186] Segment Routing with IPv6
[    2.083765] NET: Registered protocol family 17
[    2.085596] Key type dns_resolver registered
[    2.098967] RAS: Correctable Errors collector initialized.
[    2.101177] sched_clock: Marking stable (2101127647, 0)->(9587320326, -7486192679)
[    2.105734] registered taskstats version 1
[    2.107615] Loading compiled-in X.509 certificates
[    2.112419] Loaded X.509 cert 'Build time autogenerated kernel key: b873a790e41754b50f7dbae45b6bd46229c3c73f'
[    2.152050] zswap: loaded using pool lzo/zbud
[    2.179618] Key type big_key registered
[    2.201302] Key type trusted registered
[    2.205599] Key type encrypted registered
[    2.236627] AppArmor: AppArmor sha1 policy hashing enabled
[    2.255426] ima: No TPM chip found, activating TPM-bypass! (rc=-19)
[    2.279328] ima: Allocated hash algorithm: sha1
[    2.298188] evm: HMAC attrs: 0x1
[    2.299908]   Magic number: 11:274:162
[    2.314173] rtc_cmos rtc_cmos: setting system clock to 2019-03-30 04:11:05 UTC (1553919065)
[    2.328743] BIOS EDD facility v0.16 2004-Jun-25, 0 devices found
[    2.358636] EDD information not available.
[    2.363202] Freeing unused kernel memory: 2408K
[    2.392883] Write protecting the kernel read-only data: 20480k
[    3.151993] tsc: Refined TSC clocksource calibration: 1607.456 MHz
[    3.889181] clocksource: tsc: mask: 0xffffffffffffffff max_cycles: 0x172ba861105, max_idle_ns: 440795247442 ns
[    3.903386] Freeing unused kernel memory: 2008K
[    3.911658] Freeing unused kernel memory: 1892K
[    3.922379] x86/mm: Checked W+X mappings: passed, no W+X pages found.
[    3.927020] x86/mm: Checking user space page tables
[    3.936063] x86/mm: Checked W+X mappings: passed, no W+X pages found.
Loading, please wait...
starting version 237
[    4.003097] e1000: Intel(R) PRO/1000 Network Driver - version 7.3.21-k8-NAPI
[    4.050140] e1000: Copyright (c) 1999-2006 Intel Corporation.
[    4.074294] AVX2 version of gcm_enc/dec engaged.
[    4.075710] AES CTR mode by8 optimization enabled
[    4.077303] Fusion MPT base driver 3.04.20
[    4.078934] Copyright (c) 1999-2008 LSI Corporation
[    4.097588] Fusion MPT SPI Host driver 3.04.20
[    4.304225] input: ImExPS/2 Generic Explorer Mouse as /devices/platform/i8042/serio1/input/input4
[    4.567563] e1000 0000:00:03.0 eth0: (PCI:33MHz:32-bit) 02:31:f2:45:01:70
[    4.612804] e1000 0000:00:03.0 eth0: Intel(R) PRO/1000 Network Connection
[    5.098612] e1000 0000:00:08.0 eth1: (PCI:33MHz:32-bit) 08:00:27:70:83:19
[    5.124432] e1000 0000:00:08.0 eth1: Intel(R) PRO/1000 Network Connection
[    5.152011] e1000 0000:00:03.0 enp0s3: renamed from eth0
[    5.157850] mptbase: ioc0: Initiating bringup
[    5.201275] e1000 0000:00:08.0 enp0s8: renamed from eth1
[    5.296512] ioc0: LSI53C1030 A0: Capabilities={Initiator}
[    5.589468] scsi host2: ioc0: LSI53C1030 A0, FwRev=00000000h, Ports=1, MaxQ=256, IRQ=20
[    5.770394] scsi 2:0:0:0: Direct-Access     VBOX     HARDDISK         1.0  PQ: 0 ANSI: 5
[    5.811324] scsi target2:0:0: Beginning Domain Validation
[    5.816257] scsi target2:0:0: Domain Validation skipping write tests
[    5.818613] scsi target2:0:0: Ending Domain Validation
[    5.820492] scsi target2:0:0: asynchronous
[    5.822252] scsi 2:0:1:0: Direct-Access     VBOX     HARDDISK         1.0  PQ: 0 ANSI: 5
[    5.918942] scsi target2:0:1: Beginning Domain Validation
[    6.152736] random: fast init done
[    6.155609] scsi target2:0:1: Domain Validation skipping write tests
[    6.468214] scsi target2:0:1: Ending Domain Validation
[    6.569673] scsi target2:0:1: asynchronous
[    6.579940] random: systemd-udevd: uninitialized urandom read (16 bytes read)
[    6.586579] random: systemd-udevd: uninitialized urandom read (16 bytes read)
[    6.586653] sd 2:0:0:0: Attached scsi generic sg0 type 0
[    6.591688] sd 2:0:0:0: [sda] 20971520 512-byte logical blocks: (10.7 GB/10.0 GiB)
[    6.592019] sd 2:0:1:0: Attached scsi generic sg1 type 0
[    6.592309] sd 2:0:0:0: [sda] Write Protect is off
[    6.592628] sd 2:0:0:0: [sda] Incomplete mode parameter data
[    6.592630] sd 2:0:0:0: [sda] Assuming drive cache: write through
[    6.592789] sd 2:0:1:0: [sdb] 20480 512-byte logical blocks: (10.5 MB/10.0 MiB)
[    6.592981] sd 2:0:1:0: [sdb] Write Protect is off
[    6.593344] sd 2:0:1:0: [sdb] Incomplete mode parameter data
[    6.593346] sd 2:0:1:0: [sdb] Assuming drive cache: write through
[    6.594771]  sda: sda1
[    6.595777] sd 2:0:0:0: [sda] Attached SCSI disk
[    6.597889] sd 2:0:1:0: [sdb] Attached SCSI disk
[    6.710858] random: systemd-udevd: uninitialized urandom read (16 bytes read)
Begin: Loading essential drivers ... [    8.376371] raid6: sse2x1   gen() 11900 MB/s
[    8.452227] raid6: sse2x1   xor()  7384 MB/s
[    8.564090] raid6: sse2x2   gen() 14200 MB/s
[    8.656104] raid6: sse2x2   xor()  8234 MB/s
[    8.722003] raid6: sse2x4   gen() 17653 MB/s
[    8.784093] raid6: sse2x4   xor() 10161 MB/s
[    8.844436] raid6: avx2x1   gen() 16646 MB/s
[    8.892235] raid6: avx2x1   xor()  7374 MB/s
[    8.942487] raid6: avx2x2   gen() 23233 MB/s
[    9.005300] raid6: avx2x2   xor() 18481 MB/s
[    9.065238] raid6: avx2x4   gen() 31468 MB/s
[    9.140304] raid6: avx2x4   xor() 19468 MB/s
[    9.153063] raid6: using algorithm avx2x4 gen() 31468 MB/s
[    9.155727] raid6: .... xor() 19468 MB/s, rmw enabled
[    9.192216] raid6: using avx2x2 recovery algorithm
[    9.294053] xor: automatically using best checksumming function   avx       
[    9.325095] async_tx: api initialized (async)
done.
Begin: Running /scripts/init-premount ... done.
Begin: Mounting root file system ... Begin: Running /scripts/local-top ... done.
Begin: Running /scripts/local-premount ... [    9.406885] Btrfs loaded, crc32c=crc32c-intel
Scanning for Btrfs filesystems
done.
Warning: fsck no[    9.454663] EXT4-fs (sda1): mounted filesystem with ordered data mode. Opts: (null)
t present, so skipping root file system
done.
Begin: Running /scripts/local-bottom ... done.
Begin: Running /scripts/init-bottom ... done.
[    9.895226] ip_tables: (C) 2000-2006 Netfilter Core Team
[    9.908988] systemd[1]: systemd 237 running in system mode. (+PAM +AUDIT +SELINUX +IMA +APPARMOR +SMACK +SYSVINIT +UTMP +LIBCRYPTSETUP +GCRYPT +GNUTLS +ACL +XZ +LZ4 +SECCOMP +BLKID +ELFUTILS +KMOD -IDN2 +IDN -PCRE2 default-hierarchy=hybrid)
[    9.944168] systemd[1]: Detected virtualization oracle.
[    9.946780] systemd[1]: Detected architecture x86-64.

Welcome to [1mUbuntu 18.04.1 LTS[0m!

[    9.963892] systemd[1]: Set hostname to <ubuntu-bionic>.
[   10.319567] systemd[1]: Reached target User and Group Name Lookups.
[[0;32m  OK  [0m] Reached target User and Group Name Lookups.
[   10.339030] systemd[1]: Created slice User and Session Slice.
[[0;32m  OK  [0m] Created slice User and Session Slice.
[   10.430100] systemd[1]: Set up automount Arbitrary Executable File Formats File System Automount Point.
[[0;32m  OK  [0m] Set up automount Arbitrary Executab…rmats File System Automount Point.
[   10.472516] systemd[1]: Started Forward Password Requests to Wall Directory Watch.
[[0;32m  OK  [0m] Started Forward Password Requests to Wall Directory Watch.
[   10.552327] systemd[1]: Reached target Swap.
[[0;32m  OK  [0m] Reached target Swap.
[   10.586195] systemd[1]: Created slice System Slice.
[[0;32m  OK  [0m] Created slice System Slice.
[[0;32m  OK  [0m] Created slice system-serial\x2dgetty.slice.
[[0;32m  OK  [0m] Reached target Slices.
[[0;32m  OK  [0m] Listening on udev Kernel Socket.
[[0;32m  OK  [0m] Listening on Journal Audit Socket.
[[0;32m  OK  [0m] Listening on LVM2 metadata daemon socket.
[[0;32m  OK  [0m] Listening on Device-mapper event daemon FIFOs.
[[0;32m  OK  [0m] Listening on Syslog Socket.
[[0;32m  OK  [0m] Listening on /dev/initctl Compatibility Named Pipe.
[[0;32m  OK  [0m] Listening on Journal Socket.
         Starting Remount Root and Kernel File Systems...
         Starting Uncomplicated firewall...
         Starting Create list of required st…ce nodes for the current kernel...[   10.978853] EXT4-fs (sda1): re-mounted. Opts: (null)

         Starting Monitoring of LVM2 mirrors…ng dmeventd or progress polling...
         Starting Set the console keyboard layout...
         Starting Load Kernel Modules...
[[0;32m  OK  [0m] Listening on Journal Socket (/dev/log).
         Starting Journal Service...
[[0;32m  OK  [0m] Listening on Network Service Netlink Socket.
[[0;32m  OK  [0m] Listening on udev Control Socket.
[   11.106890] Loading iSCSI transport class v2.0-870.
         Starting udev Coldplug all Devices...
[[0;32m  OK  [0m] Reached target System Time Synchronized.
         Mounting POSIX Message Queue File System...
         Mounting Huge Pages File System...
         Mounting Kernel Debug File System...
[[0;32m  OK  [0m] Listening on [   11.179819] iscsi: registered transport (tcp)
LVM2 poll daemon socket.
[[0;32m  OK  [0m] Started Journal Service.
[[0;32m  OK  [0m] Started Remount Root and Kernel File Systems.
[[0;32m  OK  [0m] Started Uncomplicated firewall.
[[0;32m  OK  [0m] Started Create list of required sta…vice nodes for the current kernel.
[[0;32m  OK  [0m] Mounted POSIX Me[   11.256557] iscsi: registered transport (iser)
ssage Queue File System.
[[0;32m  OK  [0m] Mounted Huge Pages File System.
[[0;32m  OK  [0m] Mounted Kernel Debug File System.
[[0;32m  OK  [0m] Started LVM2 metadata daemon.
         Starting Create Static Device Nodes in /dev...
         Starting Initial cloud-init job (pre-networking)...
         Starting Load/Save Random Seed...
         Starting Flush Journal to Persistent Storage...
[[0;32m  OK  [0m] Started Monitoring of LVM2 mirrors,…sing dmeventd or progress polling.
[[0;32m  OK  [0m] Started Set the console keyboard layout.
[[0;32m  OK  [0m] Started Load Kernel Modules.
[[0;32m  OK  [0m] Started udev Coldplug all Device[   11.496712] random: crng init done
s.
[   11.514592] random: 7 urandom warning(s) missed due to ratelimiting
[[0;32m  OK  [0m] Started Create Static Device Nodes in /dev.
[[0;32m  OK  [0m] Started Load/Save Random Seed.
         Starting udev Kernel Device Manager...
         Mounting FUSE Control File System...
         Starting Apply Kernel Variables...
         Mounting Kernel Configuration File System...
[[0;32m  OK  [0m] Reached target Local File Systems (Pre).
[[0;32m  OK  [0m] Reached target Local File Systems.
         Starting AppArmor initialization...
         Starting Set console font and keymap...
         Starting ebtables ruleset management...
         Starting Tell Plymouth To Write Out Runtime Data...
[[0;32m  OK  [0m] Mounted FUSE Control File System.
[[0;32m  OK  [0m] Mounted Kernel Configuration File System.
[   11.601782] systemd-journald[395]: Received request to flush runtime journal from PID 1
[[0;32m  OK  [0m] Started Set console font and keymap.
[[0;32m  OK  [0m] Started Tell Plymouth To Write Out Runtime Data.
[[0;32m  OK  [0m] Started udev Kernel Device Manager.
[[0;32m  OK  [0m] Started Dispatch Password Requests to Console Directory Watch.
[[0;32m  OK  [0m] Reached target Local Encrypted Volumes.
[[0;32m  OK  [0m] Started Apply Kernel Variables.
[[0;32m  OK  [0m] Started Flush Journal to Persistent Storage.
         Starting Create Volatile Files and Directories...
[[0;32m  OK  [0m] Started ebtables ruleset management.
[[0;32m  OK  [0m] Started Create Volatile Files and Directories.
         Starting Update UTMP about System Boot/Shutdown...
[[0;32m  OK  [0m] Found device /dev/ttyS0.
[[0;32m  OK  [0m] Started Update UTMP about System Boot/Shutdown.
[[0;32m  OK  [0m] Listening on Load/Save RF Kill Switch Status /dev/rfkill Watch.
[[0;32m  OK  [0m] Started AppArmor initialization.
[   14.855197] cloud-init[412]: Cloud-init v. 18.4-0ubuntu1~18.04.1 running 'init-local' at Sat, 30 Mar 2019 04:11:17 +0000. Up 14.61 seconds.
[[0;32m  OK  [0m] Started Initial cloud-init job (pre-networking).
[[0;32m  OK  [0m] Reached target Network (Pre).
         Starting Network Service...
[[0;32m  OK  [0m] Started Network Service.
         Starting Wait for Network to be Configured...
         Starting Network Name Resolution...
[[0;32m  OK  [0m] Started Network Name Resolution.
[[0;32m  OK  [0m] Reached target Host and Network Name Lookups.
[[0;32m  OK  [0m] Reached target Network.
[[0;32m  OK  [0m] Started Wait for Network to be Configured.
         Starting Initial cloud-init job (metadata service crawler)...
[   17.187118] cloud-init[686]: Cloud-init v. 18.4-0ubuntu1~18.04.1 running 'init' at Sat, 30 Mar 2019 04:11:20 +0000. Up 17.04 seconds.
[   17.224344] cloud-init[686]: ci-info: ++++++++++++++++++++++++++++++++++++++Net device info+++++++++++++++++++++++++++++++++++++++
[   17.276594] cloud-init[686]: ci-info: +--------+------+-----------------------------+---------------+--------+-------------------+
[   17.305067] cloud-init[686]: ci-info: | Device |  Up  |           Address           |      Mask     | Scope  |     Hw-Address    |
[   17.343425] cloud-init[686]: ci-info: +--------+------+-----------------------------+---------------+--------+-------------------+
[   17.364341] cloud-init[686]: ci-info: | enp0s3 | True |          10.0.2.15          | 255.255.255.0 | global | 02:31:f2:45:01:70 |
[   17.376503] cloud-init[686]: ci-info: | enp0s3 | True |  fe80::31:f2ff:fe45:170/64  |       .       |  link  | 02:31:f2:45:01:70 |
[   17.400602] cloud-init[686]: ci-info: | enp0s8 | True |        192.168.33.10        | 255.255.255.0 | global | 08:00:27:70:83:19 |
[   17.408718] cloud-init[686]: ci-info: | enp0s8 | True | fe80::a00:27ff:fe70:8319/64 |       .       |  link  | 08:00:27:70:83:19 |
[   17.413645] cloud-init[686]: ci-info: |   lo   | True |          127.0.0.1          |   255.0.0.0   |  host  |         .         |
[   17.416917] cloud-init[686]: ci-info: |   lo   | True |           ::1/128           |       .       |  host  |         .         |
[   17.422851] cloud-init[686]: ci-info: +--------+------+-----------------------------+---------------+--------+-------------------+
[   17.426431] cloud-init[686]: ci-info: +++++++++++++++++++++++++++++Route IPv4 info+++++++++++++++++++++++++++++
[   17.432873] cloud-init[686]: ci-info: +-------+--------------+----------+-----------------+-----------+-------+
[   17.438072] cloud-init[686]: ci-info: | Route | Destination  | Gateway  |     Genmask     | Interface | Flags |
[   17.441413] cloud-init[686]: ci-info: +-------+--------------+----------+-----------------+-----------+-------+
[   17.445809] cloud-init[686]: ci-info: |   0   |   0.0.0.0    | 10.0.2.2 |     0.0.0.0     |   enp0s3  |   UG  |
[   17.471717] cloud-init[686]: ci-info: |   1   |   10.0.2.0   | 0.0.0.0  |  255.255.255.0  |   enp0s3  |   U   |
[   17.478631] cloud-init[686]: ci-info: |   2   |   10.0.2.2   | 0.0.0.0  | 255.255.255.255 |   enp0s3  |   UH  |
[   17.488360] cloud-init[686]: ci-info: |   3   | 192.168.33.0 | 0.0.0.0  |  255.255.255.0  |   enp0s8  |   U   |
[   17.496245] cloud-init[686]: ci-info: +-------+--------------+----------+-----------------+-----------+-------+
[   17.501329] cloud-init[686]: ci-info: +++++++++++++++++++Route IPv6 info+++++++++++++++++++
[   17.547460] cloud-init[686]: ci-info: +-------+-------------+---------+-----------+-------+
[   17.592849] cloud-init[686]: ci-info: | Route | Destination | Gateway | Interface | Flags |
[[0;32m  OK  [0m] Started Initial cloud-init job (metadata service crawler).
[[0;32m  OK  [0m] Reached target Cloud-config availability.
[   17.601680] cloud-init[686]: ci-info: +-------+-------------+---------+-----------+-------+
[   17.622670] cloud-init[686]: ci-info: |   1   |  fe80::/64  |    ::   |   enp0s8  |   U   |
[[0;32m  OK  [0m] Reached target System Initialization.
[   17.641969] cloud-init[686]: ci-info: |   2   |  fe80::/64  |    ::   |   enp0s3  |   U   |
[   17.674601] cloud-init[686]: ci-info: |   4   |    local    |    ::   |   enp0s3  |   U   |
[[0;32m  OK  [0m] Started ACPI Events Check.
[[0;32m  OK  [0m] Started Daily Cleanup of Temporary Directories.
[[0;32m  OK  [0m] Reached target Paths.
[   17.695297] cloud-init[686]: ci-info: |   5   |    local    |    ::   |   enp0s8  |   U   |
[   17.731646] cloud-init[686]: ci-info: |   6   |   ff00::/8  |    ::   |   enp0s8  |   U   |
[   17.737267] cloud-init[686]: ci-info: |   7   |   ff00::/8  |    ::   |   enp0s3  |   U   |
[   17.761038] cloud-init[686]: ci-info: +-------+-------------+---------+-----------+-------+
[[0;32m  OK  [0m] Started Message of the Day.
         Starting Socket activation for snappy daemon.
[[0;32m  OK  [0m] Started Daily apt download activities.
[[0;32m  OK  [0m] Started Daily apt upgrade and clean activities.
[[0;32m  OK  [0m] Listening on D-Bus System Message Bus Socket.
[[0;32m  OK  [0m] Started Discard unused blocks once a week.
[[0;32m  OK  [0m] Reached target Timers.
         Starting LXD - unix socket.
[[0;32m  OK  [0m] Listening on UUID daemon activation socket.
[[0;32m  OK  [0m] Listening on Open-iSCSI iscsid Socket.
[[0;32m  OK  [0m] Listening on ACPID Listen Socket.
[[0;32m  OK  [0m] Reached target Network is Online.
         Starting Availability of block devices...
[[0;32m  OK  [0m] Reached target Remote File Systems (Pre).
[[0;32m  OK  [0m] Reached target Remote File Systems.
[[0;32m  OK  [0m] Listening on Socket activation for snappy daemon.
[[0;32m  OK  [0m] Listening on LXD - unix socket.
[[0;32m  OK  [0m] Started Availability of block devices.
[[0;32m  OK  [0m] Reached target Sockets.
[[0;32m  OK  [0m] Reached target Basic System.
         Starting Dispatcher daemon for systemd-networkd...
[[0;32m  OK  [0m] Started irqbalance daemon.
         Starting vboxadd.service...
[[0;32m  OK  [0m] Started Deferred execution scheduler.
[[0;32m  OK  [0m] Started Regular background program processing daemon.
         Starting System Logging Service...
         Starting Permit User Sessions...
[[0;32m  OK  [0m] Started FUSE filesystem for LXC.
         Starting OpenBSD Secure Shell server...
         Starting Login Service...
         Starting LSB: Record successful boot for GRUB...
[[0;32m  OK  [0m] Started D-Bus System Message Bus.
[[0;32m  OK  [0m] Started Login Service.
[[0;32m  OK  [0m] Started Unattended Upgrades Shutdown.
         Starting LSB: automatic crash report generation...
         Starting LXD - container startup/shutdown...
         Starting Accounts Service...
         Starting Snappy daemon...
[[0;32m  OK  [0m] Started System Logging Service.
[[0;32m  OK  [0m] Started Dispatcher daemon for systemd-networkd.
[[0;32m  OK  [0m] Started Permit User Sessions.
[[0;32m  OK  [0m] Started OpenBSD Secure Shell server.
         Starting Authorization Manager...
         Starting Terminate Plymouth Boot Screen...
         Starting Hold until boot process finishes up...
[[0;32m  OK  [0m] Started Terminate Plymouth Boot Screen.
[[0;32m  OK  [0m] Started Hold until boot process finishes up.
         Starting Set console scheme...
[[0;32m  OK  [0m] Started Serial Getty on ttyS0.
[[0;32m  OK  [0m] Started LSB: automatic crash report generation.
[[0;32m  OK  [0m] Started LSB: Record successful boot for GRUB.
[[0;32m  OK  [0m] Started Set console scheme.
[[0;32m  OK  [0m] Started Authorization Manager.
[[0;32m  OK  [0m] Started Accounts Service.
[[0;32m  OK  [0m] Created slice system-getty.slice.
[[0;32m  OK  [0m] Started Getty on tty1.
[[0;32m  OK  [0m] Reached target Login Prompts.
[[0;32m  OK  [0m] Started LXD - container startup/shutdown.
[[0;32m  OK  [0m] Started Snappy daemon.
         Starting Wait until snapd is fully seeded...
[[0;32m  OK  [0m] Started Wait until snapd is fully seeded.
[[0;32m  OK  [0m] Started vboxadd.service.
[[0;32m  OK  [0m] Created slice User Slice of vagrant.
         Starting vboxadd-service.service...
         Starting Apply the settings specified in cloud-config...
         Starting User Manager for UID 1000...
[[0;32m  OK  [0m] Started Session 1 of user vagrant.
[[0;32m  OK  [0m] Started vboxadd-service.service.
[[0;32m  OK  [0m] Reached target Multi-User System.
[[0;32m  OK  [0m] Reached target Graphical Interface.
         Starting Update UTMP about System Runlevel Changes...
[[0;32m  OK  [0m] Started Update UTMP about System Runlevel Changes.
[[0;32m  OK  [0m] Started User Manager for UID 1000.
[   20.535188] cloud-init[1101]: Cloud-init v. 18.4-0ubuntu1~18.04.1 running 'modules:config' at Sat, 30 Mar 2019 04:11:23 +0000. Up 20.26 seconds.
[[0;32m  OK  [0m] Started Apply the settings specified in cloud-config.
         Starting Execute cloud user/final scripts...
[   21.268792] cloud-init[1197]: Cloud-init v. 18.4-0ubuntu1~18.04.1 running 'modules:final' at Sat, 30 Mar 2019 04:11:24 +0000. Up 21.06 seconds.
[   21.286520] cloud-init[1197]: Cloud-init v. 18.4-0ubuntu1~18.04.1 finished at Sat, 30 Mar 2019 04:11:24 +0000. Datasource DataSourceNoCloud [seed=/dev/sdb][dsmode=net].  Up 21.26 seconds
[[0;32m  OK  [0m] Started Execute cloud user/final scripts.
[[0;32m  OK  [0m] Reached target Cloud-init target.

Ubuntu 18.04.1 LTS ubuntu-bionic ttyS0

ubuntu-bionic login: 